{
  message: 'Listening on port 7070',
  level: 'info',
  timestamp: '2023-08-31 09:53:14'
}
{
  message: 'Connected to shopdb...',
  level: 'info',
  timestamp: '2023-08-31 09:53:16'
}
{
  message: 'Listening on port 7070',
  level: 'info',
  timestamp: '2023-08-31 09:53:40'
}
{
  message: 'Connected to shopdb...',
  level: 'info',
  timestamp: '2023-08-31 09:53:42'
}
{
  message: 'Listening on port 7070',
  level: 'info',
  timestamp: '2023-08-31 09:54:22'
}
{
  message: 'Listening on port 7070',
  level: 'info',
  timestamp: '2023-08-31 09:54:35'
}
{
  message: 'Listening on port 7070',
  level: 'info',
  timestamp: '2023-08-31 09:54:53'
}
{
  message: 'Connected to shopdb...',
  level: 'info',
  timestamp: '2023-08-31 09:54:55'
}
