{
  message: 'Listening on port 7070',
  level: 'info',
  timestamp: '2023-08-31 09:48:13'
}
{
  message: 'Connected to MongoDB...',
  level: 'info',
  timestamp: '2023-08-31 09:48:15'
}
{
  message: '500 - Could not get the products. - /api/products/ - GET - ::1',
  level: 'error',
  timestamp: '2023-08-31 09:48:21'
}
{
  message: 'Listening on port 7070',
  level: 'info',
  timestamp: '2023-08-31 09:48:36'
}
{
  message: 'Listening on port 7070',
  level: 'info',
  timestamp: '2023-08-31 09:49:02'
}
